<?xml version="1.0" encoding="UTF-8"?>
<testsuite xmlns:xsi="http://www.w3.org/2001/XMLSchema-instance" xsi:noNamespaceSchemaLocation="https://maven.apache.org/surefire/maven-surefire-plugin/xsd/surefire-test-report-3.0.xsd" version="3.0" name="ec.edu.espe.finvory.utils.InventoryValidationTest" time="0.217" tests="17" errors="0" skipped="0" failures="1">
  <properties>
[...]
</properties>
  <testcase name="testIsNumeric" classname="ec.edu.espe.finvory.utils.InventoryValidationTest" time="0.064">
    <system-out><![CDATA[isNumeric
]]></system-out>
  </testcase>
  <testcase name="testIsValidEmail" classname="ec.edu.espe.finvory.utils.InventoryValidationTest" time="0.002">
    <system-out><![CDATA[isValidEmail
]]></system-out>
  </testcase>
  <testcase name="testIsValidPhone" classname="ec.edu.espe.finvory.utils.InventoryValidationTest" time="0.003">
    <system-out><![CDATA[isValidPhone
]]></system-out>
  </testcase>
  <testcase name="testGetAddressFormError" classname="ec.edu.espe.finvory.utils.InventoryValidationTest" time="0.004">
    <system-out><![CDATA[getAddressFormError
]]></system-out>
  </testcase>
  <testcase name="testGetScaledIcon" classname="ec.edu.espe.finvory.utils.InventoryValidationTest" time="0.002">
    <system-out><![CDATA[getScaledIcon
]]></system-out>
  </testcase>
  <testcase name="testIsValidPhone10Digits" classname="ec.edu.espe.finvory.utils.InventoryValidationTest" time="0.002">
    <system-out><![CDATA[isValidPhone10Digits
]]></system-out>
  </testcase>
  <testcase name="testHasTwoWords" classname="ec.edu.espe.finvory.utils.InventoryValidationTest" time="0.002">
    <system-out><![CDATA[hasTwoWords
]]></system-out>
  </testcase>
  <testcase name="testIsPositiveDecimal" classname="ec.edu.espe.finvory.utils.InventoryValidationTest" time="0.035">
    <system-out><![CDATA[isPositiveDecimal
]]></system-out>
  </testcase>
  <testcase name="testValidateCustomerFields" classname="ec.edu.espe.finvory.utils.InventoryValidationTest" time="0.002">
    <system-out><![CDATA[validateCustomerFields
]]></system-out>
  </testcase>
  <testcase name="testIsNonNegativeInteger" classname="ec.edu.espe.finvory.utils.InventoryValidationTest" time="0.002">
    <system-out><![CDATA[isNonNegativeInteger
]]></system-out>
  </testcase>
  <testcase name="testIsStrictRuc" classname="ec.edu.espe.finvory.utils.InventoryValidationTest" time="0.001">
    <system-out><![CDATA[isStrictRuc
]]></system-out>
  </testcase>
  <testcase name="testValidateProductFields" classname="ec.edu.espe.finvory.utils.InventoryValidationTest" time="0.002">
    <system-out><![CDATA[validateProductFields
]]></system-out>
  </testcase>
  <testcase name="testGetPriceConfigError" classname="ec.edu.espe.finvory.utils.InventoryValidationTest" time="0.017">
    <failure message="Configuración válida retorna null ==&gt; expected: &lt;null&gt; but was: &lt;Todos los valores deben ser números positivos (Ej: 0.15).&gt;" type="org.opentest4j.AssertionFailedError"><![CDATA[org.opentest4j.AssertionFailedError: Configuración válida retorna null ==> expected: <null> but was: <Todos los valores deben ser números positivos (Ej: 0.15).>
	at org.junit.jupiter.api.AssertionFailureBuilder.build(AssertionFailureBuilder.java:151)
	at org.junit.jupiter.api.AssertionFailureBuilder.buildAndThrow(AssertionFailureBuilder.java:132)
	at org.junit.jupiter.api.AssertNull.failNotNull(AssertNull.java:50)
	at org.junit.jupiter.api.AssertNull.assertNull(AssertNull.java:35)
	at org.junit.jupiter.api.Assertions.assertNull(Assertions.java:287)
	at ec.edu.espe.finvory.utils.InventoryValidationTest.testGetPriceConfigError(InventoryValidationTest.java:171)
	at java.base/java.lang.reflect.Method.invoke(Method.java:565)
	at java.base/java.util.ArrayList.forEach(ArrayList.java:1604)
	at java.base/java.util.ArrayList.forEach(ArrayList.java:1604)
]]></failure>
    <system-out><![CDATA[getPriceConfigError
]]></system-out>
  </testcase>
  <testcase name="testIsValidIdentification" classname="ec.edu.espe.finvory.utils.InventoryValidationTest" time="0.002">
    <system-out><![CDATA[isValidIdentification
]]></system-out>
  </testcase>
  <testcase name="testIsEmpty" classname="ec.edu.espe.finvory.utils.InventoryValidationTest" time="0.001">
    <system-out><![CDATA[isEmpty
]]></system-out>
  </testcase>
  <testcase name="testIsTextOnly" classname="ec.edu.espe.finvory.utils.InventoryValidationTest" time="0.001">
    <system-out><![CDATA[isTextOnly
]]></system-out>
  </testcase>
  <testcase name="testGetSearchError" classname="ec.edu.espe.finvory.utils.InventoryValidationTest" time="0.002">
    <system-out><![CDATA[getSearchError
]]></system-out>
  </testcase>
</testsuite>