<?xml version="1.0" encoding="UTF-8"?>
<testsuite xmlns:xsi="http://www.w3.org/2001/XMLSchema-instance" xsi:noNamespaceSchemaLocation="https://maven.apache.org/surefire/maven-surefire-plugin/xsd/surefire-test-report-3.0.xsd" version="3.0" name="ec.edu.espe.finvory.utils.ObsoleteInventoryTest" time="0.023" tests="15" errors="0" skipped="0" failures="0">
  <properties>
[...]
</properties>
  <testcase name="testReassignObsoleteToNormalStock_Integrity" classname="ec.edu.espe.finvory.utils.ObsoleteInventoryTest" time="0.005"/>
  <testcase name="testSearchProduct_NonExistentId" classname="ec.edu.espe.finvory.utils.ObsoleteInventoryTest" time="0.001"/>
  <testcase name="testDiscardMoreThanAvailable_ShouldFail" classname="ec.edu.espe.finvory.utils.ObsoleteInventoryTest" time="0.001"/>
  <testcase name="testMultipleReturnReasons_Accumulation" classname="ec.edu.espe.finvory.utils.ObsoleteInventoryTest" time="0.001"/>
  <testcase name="testZeroInitialStock_Addition" classname="ec.edu.espe.finvory.utils.ObsoleteInventoryTest" time="0.0"/>
  <testcase name="testReasonString_Normalization" classname="ec.edu.espe.finvory.utils.ObsoleteInventoryTest" time="0.0"/>
  <testcase name="testAddObsoleteProduct_IncrementsTotal" classname="ec.edu.espe.finvory.utils.ObsoleteInventoryTest" time="0.0"/>
  <testcase name="testBoundaryValue_DiscardExactStock" classname="ec.edu.espe.finvory.utils.ObsoleteInventoryTest" time="0.001"/>
  <testcase name="testDiscardObsoleteProduct_DecrementsCorrectly" classname="ec.edu.espe.finvory.utils.ObsoleteInventoryTest" time="0.001"/>
  <testcase name="testInvalidNegativeQuantity_Validation" classname="ec.edu.espe.finvory.utils.ObsoleteInventoryTest" time="0.0"/>
  <testcase name="testNonIntegerQuantity_ShouldFail" classname="ec.edu.espe.finvory.utils.ObsoleteInventoryTest" time="0.0"/>
  <testcase name="testFindProduct_NormalizationLogic" classname="ec.edu.espe.finvory.utils.ObsoleteInventoryTest" time="0.0"/>
  <testcase name="testStockIntegrity_MultipleAdditions" classname="ec.edu.espe.finvory.utils.ObsoleteInventoryTest" time="0.001"/>
  <testcase name="testSequentialMovements_Consistency" classname="ec.edu.espe.finvory.utils.ObsoleteInventoryTest" time="0.0"/>
  <testcase name="testLargeQuantityHandling" classname="ec.edu.espe.finvory.utils.ObsoleteInventoryTest" time="0.0"/>
</testsuite>