<?xml version="1.0" encoding="UTF-8"?>
<testsuite xmlns:xsi="http://www.w3.org/2001/XMLSchema-instance" xsi:noNamespaceSchemaLocation="https://maven.apache.org/surefire/maven-surefire-plugin/xsd/surefire-test-report-3.0.xsd" version="3.0" name="ec.edu.espe.finvory.utils.PriceValidationTest" time="0.157" tests="18" errors="0" skipped="0" failures="4">
  <properties>
[...]
</properties>
  <testcase name="testProfitIsGreaterThanZero" classname="ec.edu.espe.finvory.utils.PriceValidationTest" time="0.064"/>
  <testcase name="testPrices_NonNumericInput_ReturnsError" classname="ec.edu.espe.finvory.utils.PriceValidationTest" time="0.002"/>
  <testcase name="testPrices_ZeroDiscounts_Valid" classname="ec.edu.espe.finvory.utils.PriceValidationTest" time="0.012">
    <failure message="expected: &lt;null&gt; but was: &lt;Todos los valores deben ser números positivos (Ej: 0.15).&gt;" type="org.opentest4j.AssertionFailedError"><![CDATA[org.opentest4j.AssertionFailedError: expected: <null> but was: <Todos los valores deben ser números positivos (Ej: 0.15).>
	at org.junit.jupiter.api.AssertionFailureBuilder.build(AssertionFailureBuilder.java:151)
	at org.junit.jupiter.api.AssertionFailureBuilder.buildAndThrow(AssertionFailureBuilder.java:132)
	at org.junit.jupiter.api.AssertNull.failNotNull(AssertNull.java:50)
	at org.junit.jupiter.api.AssertNull.assertNull(AssertNull.java:35)
	at org.junit.jupiter.api.AssertNull.assertNull(AssertNull.java:30)
	at org.junit.jupiter.api.Assertions.assertNull(Assertions.java:279)
	at ec.edu.espe.finvory.utils.PriceValidationTest.testPrices_ZeroDiscounts_Valid(PriceValidationTest.java:24)
	at java.base/java.lang.reflect.Method.invoke(Method.java:565)
	at java.base/java.util.ArrayList.forEach(ArrayList.java:1604)
	at java.base/java.util.ArrayList.forEach(ArrayList.java:1604)
]]></failure>
  </testcase>
  <testcase name="testPrices_StandardGreaterThanPremium_ReturnsError" classname="ec.edu.espe.finvory.utils.PriceValidationTest" time="0.001"/>
  <testcase name="testPrices_NegativeProfit_ReturnsError" classname="ec.edu.espe.finvory.utils.PriceValidationTest" time="0.001"/>
  <testcase name="testTaxIsPositive" classname="ec.edu.espe.finvory.utils.PriceValidationTest" time="0.002"/>
  <testcase name="testPrices_StandardConfig_Valid" classname="ec.edu.espe.finvory.utils.PriceValidationTest" time="0.001"/>
  <testcase name="testPrices_VipGreaterThanProfit_ReturnsError" classname="ec.edu.espe.finvory.utils.PriceValidationTest" time="0.001"/>
  <testcase name="testPrices_NegativeTax_ReturnsError" classname="ec.edu.espe.finvory.utils.PriceValidationTest" time="0.001"/>
  <testcase name="testGetPriceConfigError_TaxMustBePositive" classname="ec.edu.espe.finvory.utils.PriceValidationTest" time="0.002">
    <failure message="expected: &lt;La tasa de impuesto debe ser mayor a 0.&gt; but was: &lt;Todos los valores deben ser números positivos (Ej: 0.15).&gt;" type="org.opentest4j.AssertionFailedError"><![CDATA[org.opentest4j.AssertionFailedError: expected: <La tasa de impuesto debe ser mayor a 0.> but was: <Todos los valores deben ser números positivos (Ej: 0.15).>
	at org.junit.jupiter.api.AssertionFailureBuilder.build(AssertionFailureBuilder.java:151)
	at org.junit.jupiter.api.AssertionFailureBuilder.buildAndThrow(AssertionFailureBuilder.java:132)
	at org.junit.jupiter.api.AssertEquals.failNotEqual(AssertEquals.java:197)
	at org.junit.jupiter.api.AssertEquals.assertEquals(AssertEquals.java:182)
	at org.junit.jupiter.api.AssertEquals.assertEquals(AssertEquals.java:177)
	at org.junit.jupiter.api.Assertions.assertEquals(Assertions.java:1145)
	at ec.edu.espe.finvory.utils.PriceValidationTest.testGetPriceConfigError_TaxMustBePositive(PriceValidationTest.java:144)
	at java.base/java.lang.reflect.Method.invoke(Method.java:565)
	at java.base/java.util.ArrayList.forEach(ArrayList.java:1604)
	at java.base/java.util.ArrayList.forEach(ArrayList.java:1604)
]]></failure>
  </testcase>
  <testcase name="testGetPriceConfigError_MaxProfitLimit" classname="ec.edu.espe.finvory.utils.PriceValidationTest" time="0.001"/>
  <testcase name="testPrices_ZeroTax_Valid" classname="ec.edu.espe.finvory.utils.PriceValidationTest" time="0.003">
    <failure message="Should allow 0% tax for duty-free products ==&gt; expected: &lt;null&gt; but was: &lt;Todos los valores deben ser números positivos (Ej: 0.15).&gt;" type="org.opentest4j.AssertionFailedError"><![CDATA[org.opentest4j.AssertionFailedError: Should allow 0% tax for duty-free products ==> expected: <null> but was: <Todos los valores deben ser números positivos (Ej: 0.15).>
	at org.junit.jupiter.api.AssertionFailureBuilder.build(AssertionFailureBuilder.java:151)
	at org.junit.jupiter.api.AssertionFailureBuilder.buildAndThrow(AssertionFailureBuilder.java:132)
	at org.junit.jupiter.api.AssertNull.failNotNull(AssertNull.java:50)
	at org.junit.jupiter.api.AssertNull.assertNull(AssertNull.java:35)
	at org.junit.jupiter.api.Assertions.assertNull(Assertions.java:287)
	at ec.edu.espe.finvory.utils.PriceValidationTest.testPrices_ZeroTax_Valid(PriceValidationTest.java:87)
	at java.base/java.lang.reflect.Method.invoke(Method.java:565)
	at java.base/java.util.ArrayList.forEach(ArrayList.java:1604)
	at java.base/java.util.ArrayList.forEach(ArrayList.java:1604)
]]></failure>
  </testcase>
  <testcase name="testPrices_TaxGreaterThan100Percent_ReturnsError" classname="ec.edu.espe.finvory.utils.PriceValidationTest" time="0.002"/>
  <testcase name="testProfitNotEqualToVip" classname="ec.edu.espe.finvory.utils.PriceValidationTest" time="0.001"/>
  <testcase name="testPrices_EmptyFields_ReturnsError" classname="ec.edu.espe.finvory.utils.PriceValidationTest" time="0.001"/>
  <testcase name="testPrices_HighProfitMargin_Valid" classname="ec.edu.espe.finvory.utils.PriceValidationTest" time="0.001">
    <failure message="Should allow profit margins greater than 200% ==&gt; expected: &lt;null&gt; but was: &lt;La ganancia no debería exceder el 200% (2.0).&gt;" type="org.opentest4j.AssertionFailedError"><![CDATA[org.opentest4j.AssertionFailedError: Should allow profit margins greater than 200% ==> expected: <null> but was: <La ganancia no debería exceder el 200% (2.0).>
	at org.junit.jupiter.api.AssertionFailureBuilder.build(AssertionFailureBuilder.java:151)
	at org.junit.jupiter.api.AssertionFailureBuilder.buildAndThrow(AssertionFailureBuilder.java:132)
	at org.junit.jupiter.api.AssertNull.failNotNull(AssertNull.java:50)
	at org.junit.jupiter.api.AssertNull.assertNull(AssertNull.java:35)
	at org.junit.jupiter.api.Assertions.assertNull(Assertions.java:287)
	at ec.edu.espe.finvory.utils.PriceValidationTest.testPrices_HighProfitMargin_Valid(PriceValidationTest.java:81)
	at java.base/java.lang.reflect.Method.invoke(Method.java:565)
	at java.base/java.util.ArrayList.forEach(ArrayList.java:1604)
	at java.base/java.util.ArrayList.forEach(ArrayList.java:1604)
]]></failure>
  </testcase>
  <testcase name="testTaxRangeZeroToOne" classname="ec.edu.espe.finvory.utils.PriceValidationTest" time="0.001"/>
  <testcase name="testPrices_PremiumGreaterThanVip_ReturnsError" classname="ec.edu.espe.finvory.utils.PriceValidationTest" time="0.001"/>
</testsuite>