<?xml version="1.0" encoding="UTF-8"?>
<testsuite xmlns:xsi="http://www.w3.org/2001/XMLSchema-instance" xsi:noNamespaceSchemaLocation="https://maven.apache.org/surefire/maven-surefire-plugin/xsd/surefire-test-report-3.0.xsd" version="3.0" name="ec.edu.espe.finvory.utils.InventoryValidationTest" time="0.425" tests="21" errors="0" skipped="0" failures="2">
  <properties>
    <property name="java.specification.version" value="24"/>
    <property name="sun.cpu.isalist" value="amd64"/>
    <property name="sun.jnu.encoding" value="Cp1252"/>
    <property name="java.class.path" value="C:\Users\USUARIO\T4-OPP-FINVORY-\06Code\Finvory-maven\target\test-classes;C:\Users\USUARIO\T4-OPP-FINVORY-\06Code\Finvory-maven\target\classes;C:\Users\USUARIO\.m2\repository\com\google\code\gson\gson\2.10.1\gson-2.10.1.jar;C:\Users\USUARIO\.m2\repository\org\netbeans\external\AbsoluteLayout\RELEASE140\AbsoluteLayout-RELEASE140.jar;C:\Users\USUARIO\.m2\repository\org\mongodb\mongodb-driver-sync\5.2.1\mongodb-driver-sync-5.2.1.jar;C:\Users\USUARIO\.m2\repository\org\mongodb\bson\5.2.1\bson-5.2.1.jar;C:\Users\USUARIO\.m2\repository\org\mongodb\mongodb-driver-core\5.2.1\mongodb-driver-core-5.2.1.jar;C:\Users\USUARIO\.m2\repository\org\mongodb\bson-record-codec\5.2.1\bson-record-codec-5.2.1.jar;C:\Users\USUARIO\.m2\repository\org\junit\jupiter\junit-jupiter-api\5.10.3\junit-jupiter-api-5.10.3.jar;C:\Users\USUARIO\.m2\repository\org\opentest4j\opentest4j\1.3.0\opentest4j-1.3.0.jar;C:\Users\USUARIO\.m2\repository\org\junit\platform\junit-platform-commons\1.10.3\junit-platform-commons-1.10.3.jar;C:\Users\USUARIO\.m2\repository\org\apiguardian\apiguardian-api\1.1.2\apiguardian-api-1.1.2.jar;C:\Users\USUARIO\.m2\repository\org\junit\jupiter\junit-jupiter-params\5.10.3\junit-jupiter-params-5.10.3.jar;C:\Users\USUARIO\.m2\repository\org\junit\jupiter\junit-jupiter-engine\5.10.3\junit-jupiter-engine-5.10.3.jar;C:\Users\USUARIO\.m2\repository\org\junit\platform\junit-platform-engine\1.10.3\junit-platform-engine-1.10.3.jar;"/>
    <property name="java.vm.vendor" value="Azul Systems, Inc."/>
    <property name="sun.arch.data.model" value="64"/>
    <property name="user.variant" value=""/>
    <property name="java.vendor.url" value="http://www.azul.com/"/>
    <property name="user.timezone" value="America/Guayaquil"/>
    <property name="os.name" value="Windows 11"/>
    <property name="java.vm.specification.version" value="24"/>
    <property name="user.country" value="EC"/>
    <property name="sun.java.launcher" value="SUN_STANDARD"/>
    <property name="sun.boot.library.path" value="C:\Program Files\Apache NetBeans\jdk\bin"/>
    <property name="sun.java.command" value="C:\Users\USUARIO\AppData\Local\Temp\surefire3325284526985601153\surefirebooter-20251220172315859_3.jar C:\Users\USUARIO\AppData\Local\Temp\surefire3325284526985601153 2025-12-20T17-23-15_656-jvmRun1 surefire-20251220172315859_1tmp surefire_0-20251220172315859_2tmp"/>
    <property name="jdk.debug" value="release"/>
    <property name="test" value="ec.edu.espe.finvory.utils.InventoryValidationTest"/>
    <property name="surefire.test.class.path" value="C:\Users\USUARIO\T4-OPP-FINVORY-\06Code\Finvory-maven\target\test-classes;C:\Users\USUARIO\T4-OPP-FINVORY-\06Code\Finvory-maven\target\classes;C:\Users\USUARIO\.m2\repository\com\google\code\gson\gson\2.10.1\gson-2.10.1.jar;C:\Users\USUARIO\.m2\repository\org\netbeans\external\AbsoluteLayout\RELEASE140\AbsoluteLayout-RELEASE140.jar;C:\Users\USUARIO\.m2\repository\org\mongodb\mongodb-driver-sync\5.2.1\mongodb-driver-sync-5.2.1.jar;C:\Users\USUARIO\.m2\repository\org\mongodb\bson\5.2.1\bson-5.2.1.jar;C:\Users\USUARIO\.m2\repository\org\mongodb\mongodb-driver-core\5.2.1\mongodb-driver-core-5.2.1.jar;C:\Users\USUARIO\.m2\repository\org\mongodb\bson-record-codec\5.2.1\bson-record-codec-5.2.1.jar;C:\Users\USUARIO\.m2\repository\org\junit\jupiter\junit-jupiter-api\5.10.3\junit-jupiter-api-5.10.3.jar;C:\Users\USUARIO\.m2\repository\org\opentest4j\opentest4j\1.3.0\opentest4j-1.3.0.jar;C:\Users\USUARIO\.m2\repository\org\junit\platform\junit-platform-commons\1.10.3\junit-platform-commons-1.10.3.jar;C:\Users\USUARIO\.m2\repository\org\apiguardian\apiguardian-api\1.1.2\apiguardian-api-1.1.2.jar;C:\Users\USUARIO\.m2\repository\org\junit\jupiter\junit-jupiter-params\5.10.3\junit-jupiter-params-5.10.3.jar;C:\Users\USUARIO\.m2\repository\org\junit\jupiter\junit-jupiter-engine\5.10.3\junit-jupiter-engine-5.10.3.jar;C:\Users\USUARIO\.m2\repository\org\junit\platform\junit-platform-engine\1.10.3\junit-platform-engine-1.10.3.jar;"/>
    <property name="sun.cpu.endian" value="little"/>
    <property name="user.home" value="C:\Users\USUARIO"/>
    <property name="user.language" value="es"/>
    <property name="java.specification.vendor" value="Oracle Corporation"/>
    <property name="java.version.date" value="2025-07-15"/>
    <property name="java.home" value="C:\Program Files\Apache NetBeans\jdk"/>
    <property name="file.separator" value="\"/>
    <property name="basedir" value="C:\Users\USUARIO\T4-OPP-FINVORY-\06Code\Finvory-maven"/>
    <property name="java.vm.compressedOopsMode" value="32-bit"/>
    <property name="line.separator" value="&#10;"/>
    <property name="java.vm.specification.vendor" value="Oracle Corporation"/>
    <property name="java.specification.name" value="Java Platform API Specification"/>
    <property name="surefire.real.class.path" value="C:\Users\USUARIO\AppData\Local\Temp\surefire3325284526985601153\surefirebooter-20251220172315859_3.jar"/>
    <property name="user.script" value=""/>
    <property name="sun.management.compiler" value="HotSpot 64-Bit Tiered Compilers"/>
    <property name="java.runtime.version" value="24.0.2+12"/>
    <property name="user.name" value="USUARIO"/>
    <property name="stdout.encoding" value="Cp1252"/>
    <property name="path.separator" value=";"/>
    <property name="os.version" value="10.0"/>
    <property name="java.runtime.name" value="OpenJDK Runtime Environment"/>
    <property name="file.encoding" value="UTF-8"/>
    <property name="java.vm.name" value="OpenJDK 64-Bit Server VM"/>
    <property name="java.vendor.version" value="Zulu24.32+13-CA"/>
    <property name="maven.ext.class.path" value="C:\Program Files\Apache NetBeans\java\maven-nblib\netbeans-eventspy.jar"/>
    <property name="localRepository" value="C:\Users\USUARIO\.m2\repository"/>
    <property name="java.vendor.url.bug" value="http://www.azul.com/support/"/>
    <property name="java.io.tmpdir" value="C:\Users\USUARIO\AppData\Local\Temp\"/>
    <property name="java.version" value="24.0.2"/>
    <property name="user.dir" value="C:\Users\USUARIO\T4-OPP-FINVORY-\06Code\Finvory-maven"/>
    <property name="os.arch" value="amd64"/>
    <property name="java.vm.specification.name" value="Java Virtual Machine Specification"/>
    <property name="sun.os.patch.level" value=""/>
    <property name="native.encoding" value="Cp1252"/>
    <property name="java.library.path" value="C:\Program Files\Apache NetBeans\jdk\bin;C:\WINDOWS\Sun\Java\bin;C:\WINDOWS\system32;C:\WINDOWS;C:\Program Files\Common Files\Oracle\Java\javapath;C:\WINDOWS\system32;C:\WINDOWS;C:\WINDOWS\System32\Wbem;C:\WINDOWS\System32\WindowsPowerShell\v1.0\;C:\WINDOWS\System32\OpenSSH\;C:\Program Files\dotnet\;C:\msys64\mingw64\bin;C:\Program Files\Git\cmd;C:\Program Files\nodejs\;C:\Users\USUARIO\AppData\Local\Programs\Python\Launcher\;C:\Users\USUARIO\AppData\Local\Programs\Python\Python312\Scripts\;C:\Users\USUARIO\AppData\Local\Programs\Python\Python312\;C:\Users\USUARIO\AppData\Local\Microsoft\WindowsApps;C:\Users\USUARIO\AppData\Local\Programs\Microsoft VS Code\bin;C:\msys64\ucrt64\bin;C:\Users\USUARIO\.vscode;C:\Users\USUARIO\AppData\Roaming\npm;C:\Users\USUARIO\AppData\Local\Programs\mongosh\;."/>
    <property name="java.vm.info" value="mixed mode, sharing"/>
    <property name="stderr.encoding" value="Cp1252"/>
    <property name="java.vendor" value="Azul Systems, Inc."/>
    <property name="java.vm.version" value="24.0.2+12"/>
    <property name="sun.io.unicode.encoding" value="UnicodeLittle"/>
    <property name="java.class.version" value="68.0"/>
  </properties>
  <testcase name="testAddress_NullObject_ReturnsError" classname="ec.edu.espe.finvory.utils.InventoryValidationTest" time="0.168"/>
  <testcase name="testRegion_WithHyphen_Valid" classname="ec.edu.espe.finvory.utils.InventoryValidationTest" time="0.099">
    <failure message="Should accept region names with hyphens (Ex: Morona-Santiago) ==&gt; expected: &lt;true&gt; but was: &lt;false&gt;" type="org.opentest4j.AssertionFailedError"><![CDATA[org.opentest4j.AssertionFailedError: Should accept region names with hyphens (Ex: Morona-Santiago) ==> expected: <true> but was: <false>
	at org.junit.jupiter.api.AssertionFailureBuilder.build(AssertionFailureBuilder.java:151)
	at org.junit.jupiter.api.AssertionFailureBuilder.buildAndThrow(AssertionFailureBuilder.java:132)
	at org.junit.jupiter.api.AssertTrue.failNotTrue(AssertTrue.java:63)
	at org.junit.jupiter.api.AssertTrue.assertTrue(AssertTrue.java:36)
	at org.junit.jupiter.api.Assertions.assertTrue(Assertions.java:214)
	at ec.edu.espe.finvory.utils.InventoryValidationTest.testRegion_WithHyphen_Valid(InventoryValidationTest.java:40)
	at java.base/java.lang.reflect.Method.invoke(Method.java:565)
	at java.base/java.util.ArrayList.forEach(ArrayList.java:1604)
	at java.base/java.util.ArrayList.forEach(ArrayList.java:1604)
]]></failure>
  </testcase>
  <testcase name="testAddress_InvalidStreet_ReturnsError" classname="ec.edu.espe.finvory.utils.InventoryValidationTest" time="0.02"/>
  <testcase name="testStreet_WithComma_Valid" classname="ec.edu.espe.finvory.utils.InventoryValidationTest" time="0.003">
    <failure message="Should accept commas in the address to separate details. ==&gt; expected: &lt;true&gt; but was: &lt;false&gt;" type="org.opentest4j.AssertionFailedError"><![CDATA[org.opentest4j.AssertionFailedError: Should accept commas in the address to separate details. ==> expected: <true> but was: <false>
	at org.junit.jupiter.api.AssertionFailureBuilder.build(AssertionFailureBuilder.java:151)
	at org.junit.jupiter.api.AssertionFailureBuilder.buildAndThrow(AssertionFailureBuilder.java:132)
	at org.junit.jupiter.api.AssertTrue.failNotTrue(AssertTrue.java:63)
	at org.junit.jupiter.api.AssertTrue.assertTrue(AssertTrue.java:36)
	at org.junit.jupiter.api.Assertions.assertTrue(Assertions.java:214)
	at ec.edu.espe.finvory.utils.InventoryValidationTest.testStreet_WithComma_Valid(InventoryValidationTest.java:86)
	at java.base/java.lang.reflect.Method.invoke(Method.java:565)
	at java.base/java.util.ArrayList.forEach(ArrayList.java:1604)
	at java.base/java.util.ArrayList.forEach(ArrayList.java:1604)
]]></failure>
  </testcase>
  <testcase name="testAddress_CompleteAndCorrect_ReturnsNull" classname="ec.edu.espe.finvory.utils.InventoryValidationTest" time="0.015"/>
  <testcase name="testRegion_WithAccents_Valid" classname="ec.edu.espe.finvory.utils.InventoryValidationTest" time="0.002"/>
  <testcase name="testRegion_SimpleName_Valid" classname="ec.edu.espe.finvory.utils.InventoryValidationTest" time="0.004"/>
  <testcase name="testStreet_Empty_Invalid" classname="ec.edu.espe.finvory.utils.InventoryValidationTest" time="0.021"/>
  <testcase name="testStreet_WithDot_Valid" classname="ec.edu.espe.finvory.utils.InventoryValidationTest" time="0.001"/>
  <testcase name="testStreet_NoNumber_Valid" classname="ec.edu.espe.finvory.utils.InventoryValidationTest" time="0.001"/>
  <testcase name="testStreet_ForbiddenDollarChar_Invalid" classname="ec.edu.espe.finvory.utils.InventoryValidationTest" time="0.001"/>
  <testcase name="testRegion_WithEnie_Valid" classname="ec.edu.espe.finvory.utils.InventoryValidationTest" time="0.001"/>
  <testcase name="testStreet_OnlyNumbers_Valid" classname="ec.edu.espe.finvory.utils.InventoryValidationTest" time="0.001"/>
  <testcase name="testRegion_CompositeName_Valid" classname="ec.edu.espe.finvory.utils.InventoryValidationTest" time="0.001"/>
  <testcase name="testRegion_SpecialCharacters_Invalid" classname="ec.edu.espe.finvory.utils.InventoryValidationTest" time="0.002"/>
  <testcase name="testRegion_Empty_Invalid" classname="ec.edu.espe.finvory.utils.InventoryValidationTest" time="0.001"/>
  <testcase name="testStreet_NomenclatureFormat_Valid" classname="ec.edu.espe.finvory.utils.InventoryValidationTest" time="0.001"/>
  <testcase name="testStreet_ForbiddenPercentChar_Invalid" classname="ec.edu.espe.finvory.utils.InventoryValidationTest" time="0.001"/>
  <testcase name="testRegion_WithNumbers_Invalid" classname="ec.edu.espe.finvory.utils.InventoryValidationTest" time="0.002"/>
  <testcase name="testStreet_WithHashSymbol_Valid" classname="ec.edu.espe.finvory.utils.InventoryValidationTest" time="0.001"/>
  <testcase name="testAddress_InvalidRegion_ReturnsError" classname="ec.edu.espe.finvory.utils.InventoryValidationTest" time="0.0"/>
</testsuite>