<?xml version="1.0" encoding="UTF-8"?>
<testsuite xmlns:xsi="http://www.w3.org/2001/XMLSchema-instance" xsi:noNamespaceSchemaLocation="https://maven.apache.org/surefire/maven-surefire-plugin/xsd/surefire-test-report-3.0.xsd" version="3.0" name="ec.edu.espe.finvory.utils.SupplierTest" time="0.018" tests="13" errors="0" skipped="0" failures="0">
  <properties>
[...]
</properties>
  <testcase name="testMultipleSpaceNameSeparation" classname="ec.edu.espe.finvory.utils.SupplierTest" time="0.001"/>
  <testcase name="testPhoneTooShort" classname="ec.edu.espe.finvory.utils.SupplierTest" time="0.001"/>
  <testcase name="testPhoneExceedsLimit" classname="ec.edu.espe.finvory.utils.SupplierTest" time="0.001"/>
  <testcase name="testSingleWordName" classname="ec.edu.espe.finvory.utils.SupplierTest" time="0.001"/>
  <testcase name="testValidEmail" classname="ec.edu.espe.finvory.utils.SupplierTest" time="0.001"/>
  <testcase name="testValidPhone" classname="ec.edu.espe.finvory.utils.SupplierTest" time="0.0"/>
  <testcase name="testEmptyIDShouldFail" classname="ec.edu.espe.finvory.utils.SupplierTest" time="0.001"/>
  <testcase name="testInternationalPhoneFormat" classname="ec.edu.espe.finvory.utils.SupplierTest" time="0.001"/>
  <testcase name="testEmailWithInvalidCharacters" classname="ec.edu.espe.finvory.utils.SupplierTest" time="0.001"/>
  <testcase name="testTwoWordName" classname="ec.edu.espe.finvory.utils.SupplierTest" time="0.0"/>
  <testcase name="testEmailMissingAtSymbol" classname="ec.edu.espe.finvory.utils.SupplierTest" time="0.002"/>
  <testcase name="testEmailMissingDot" classname="ec.edu.espe.finvory.utils.SupplierTest" time="0.0"/>
  <testcase name="testNameWithLeadingSpaces_Trimming" classname="ec.edu.espe.finvory.utils.SupplierTest" time="0.001"/>
</testsuite>