<?xml version="1.0" encoding="UTF-8"?>
<testsuite xmlns:xsi="http://www.w3.org/2001/XMLSchema-instance" xsi:noNamespaceSchemaLocation="https://maven.apache.org/surefire/maven-surefire-plugin/xsd/surefire-test-report-3.0.xsd" version="3.0" name="ec.edu.espe.finvory.utils.InventoryValidationTest" time="0.425" tests="21" errors="0" skipped="0" failures="2">
  <properties>
[...]
</properties>
  <testcase name="testAddress_NullObject_ReturnsError" classname="ec.edu.espe.finvory.utils.InventoryValidationTest" time="0.168"/>
  <testcase name="testRegion_WithHyphen_Valid" classname="ec.edu.espe.finvory.utils.InventoryValidationTest" time="0.099">
    <failure message="Should accept region names with hyphens (Ex: Morona-Santiago) ==&gt; expected: &lt;true&gt; but was: &lt;false&gt;" type="org.opentest4j.AssertionFailedError"><![CDATA[org.opentest4j.AssertionFailedError: Should accept region names with hyphens (Ex: Morona-Santiago) ==> expected: <true> but was: <false>
	at org.junit.jupiter.api.AssertionFailureBuilder.build(AssertionFailureBuilder.java:151)
	at org.junit.jupiter.api.AssertionFailureBuilder.buildAndThrow(AssertionFailureBuilder.java:132)
	at org.junit.jupiter.api.AssertTrue.failNotTrue(AssertTrue.java:63)
	at org.junit.jupiter.api.AssertTrue.assertTrue(AssertTrue.java:36)
	at org.junit.jupiter.api.Assertions.assertTrue(Assertions.java:214)
	at ec.edu.espe.finvory.utils.InventoryValidationTest.testRegion_WithHyphen_Valid(InventoryValidationTest.java:40)
	at java.base/java.lang.reflect.Method.invoke(Method.java:565)
	at java.base/java.util.ArrayList.forEach(ArrayList.java:1604)
	at java.base/java.util.ArrayList.forEach(ArrayList.java:1604)
]]></failure>
  </testcase>
  <testcase name="testAddress_InvalidStreet_ReturnsError" classname="ec.edu.espe.finvory.utils.InventoryValidationTest" time="0.02"/>
  <testcase name="testStreet_WithComma_Valid" classname="ec.edu.espe.finvory.utils.InventoryValidationTest" time="0.003">
    <failure message="Should accept commas in the address to separate details. ==&gt; expected: &lt;true&gt; but was: &lt;false&gt;" type="org.opentest4j.AssertionFailedError"><![CDATA[org.opentest4j.AssertionFailedError: Should accept commas in the address to separate details. ==> expected: <true> but was: <false>
	at org.junit.jupiter.api.AssertionFailureBuilder.build(AssertionFailureBuilder.java:151)
	at org.junit.jupiter.api.AssertionFailureBuilder.buildAndThrow(AssertionFailureBuilder.java:132)
	at org.junit.jupiter.api.AssertTrue.failNotTrue(AssertTrue.java:63)
	at org.junit.jupiter.api.AssertTrue.assertTrue(AssertTrue.java:36)
	at org.junit.jupiter.api.Assertions.assertTrue(Assertions.java:214)
	at ec.edu.espe.finvory.utils.InventoryValidationTest.testStreet_WithComma_Valid(InventoryValidationTest.java:86)
	at java.base/java.lang.reflect.Method.invoke(Method.java:565)
	at java.base/java.util.ArrayList.forEach(ArrayList.java:1604)
	at java.base/java.util.ArrayList.forEach(ArrayList.java:1604)
]]></failure>
  </testcase>
  <testcase name="testAddress_CompleteAndCorrect_ReturnsNull" classname="ec.edu.espe.finvory.utils.InventoryValidationTest" time="0.015"/>
  <testcase name="testRegion_WithAccents_Valid" classname="ec.edu.espe.finvory.utils.InventoryValidationTest" time="0.002"/>
  <testcase name="testRegion_SimpleName_Valid" classname="ec.edu.espe.finvory.utils.InventoryValidationTest" time="0.004"/>
  <testcase name="testStreet_Empty_Invalid" classname="ec.edu.espe.finvory.utils.InventoryValidationTest" time="0.021"/>
  <testcase name="testStreet_WithDot_Valid" classname="ec.edu.espe.finvory.utils.InventoryValidationTest" time="0.001"/>
  <testcase name="testStreet_NoNumber_Valid" classname="ec.edu.espe.finvory.utils.InventoryValidationTest" time="0.001"/>
  <testcase name="testStreet_ForbiddenDollarChar_Invalid" classname="ec.edu.espe.finvory.utils.InventoryValidationTest" time="0.001"/>
  <testcase name="testRegion_WithEnie_Valid" classname="ec.edu.espe.finvory.utils.InventoryValidationTest" time="0.001"/>
  <testcase name="testStreet_OnlyNumbers_Valid" classname="ec.edu.espe.finvory.utils.InventoryValidationTest" time="0.001"/>
  <testcase name="testRegion_CompositeName_Valid" classname="ec.edu.espe.finvory.utils.InventoryValidationTest" time="0.001"/>
  <testcase name="testRegion_SpecialCharacters_Invalid" classname="ec.edu.espe.finvory.utils.InventoryValidationTest" time="0.002"/>
  <testcase name="testRegion_Empty_Invalid" classname="ec.edu.espe.finvory.utils.InventoryValidationTest" time="0.001"/>
  <testcase name="testStreet_NomenclatureFormat_Valid" classname="ec.edu.espe.finvory.utils.InventoryValidationTest" time="0.001"/>
  <testcase name="testStreet_ForbiddenPercentChar_Invalid" classname="ec.edu.espe.finvory.utils.InventoryValidationTest" time="0.001"/>
  <testcase name="testRegion_WithNumbers_Invalid" classname="ec.edu.espe.finvory.utils.InventoryValidationTest" time="0.002"/>
  <testcase name="testStreet_WithHashSymbol_Valid" classname="ec.edu.espe.finvory.utils.InventoryValidationTest" time="0.001"/>
  <testcase name="testAddress_InvalidRegion_ReturnsError" classname="ec.edu.espe.finvory.utils.InventoryValidationTest" time="0.0"/>
</testsuite>