<?xml version="1.0" encoding="UTF-8"?>
<testsuite xmlns:xsi="http://www.w3.org/2001/XMLSchema-instance" xsi:noNamespaceSchemaLocation="https://maven.apache.org/surefire/maven-surefire-plugin/xsd/surefire-test-report-3.0.xsd" version="3.0" name="ec.edu.espe.finvory.utils.PriceValidationTest" time="0.067" tests="25" errors="0" skipped="0" failures="0">
  <properties>
[...]
</properties>
  <testcase name="testPrices_ProfitExactLimit" classname="ec.edu.espe.finvory.utils.PriceValidationTest" time="0.024"/>
  <testcase name="testPrices_PremiumEqualsVip" classname="ec.edu.espe.finvory.utils.PriceValidationTest" time="0.001"/>
  <testcase name="testPrices_TaxOverHundredPercent" classname="ec.edu.espe.finvory.utils.PriceValidationTest" time="0.001"/>
  <testcase name="testPriceConfig_DiscountGreaterThanProfit" classname="ec.edu.espe.finvory.utils.PriceValidationTest" time="0.001"/>
  <testcase name="testPrices_StandardNegative" classname="ec.edu.espe.finvory.utils.PriceValidationTest" time="0.001"/>
  <testcase name="testPrices_ValidConfig" classname="ec.edu.espe.finvory.utils.PriceValidationTest" time="0.001"/>
  <testcase name="testPriceConfig_HighProfitMargin" classname="ec.edu.espe.finvory.utils.PriceValidationTest" time="0.002"/>
  <testcase name="testPrices_StandardEqualsPremium" classname="ec.edu.espe.finvory.utils.PriceValidationTest" time="0.003"/>
  <testcase name="testPrices_NegativeProfit" classname="ec.edu.espe.finvory.utils.PriceValidationTest" time="0.001"/>
  <testcase name="testPriceConfig_ExtremeTaxValue" classname="ec.edu.espe.finvory.utils.PriceValidationTest" time="0.001"/>
  <testcase name="testPrices_NonNumericInput" classname="ec.edu.espe.finvory.utils.PriceValidationTest" time="0.002"/>
  <testcase name="testPrices_StdDiscountGreaterThenPremium" classname="ec.edu.espe.finvory.utils.PriceValidationTest" time="0.001"/>
  <testcase name="testPrices_PremiumOverHundredPercent" classname="ec.edu.espe.finvory.utils.PriceValidationTest" time="0.001"/>
  <testcase name="testPriceConfig_AllZeroValues" classname="ec.edu.espe.finvory.utils.PriceValidationTest" time="0.001"/>
  <testcase name="testPrices_TaxZero" classname="ec.edu.espe.finvory.utils.PriceValidationTest" time="0.0"/>
  <testcase name="testPrices_ProfitJustBelowLimit" classname="ec.edu.espe.finvory.utils.PriceValidationTest" time="0.001"/>
  <testcase name="testPriceConfig_MixedDecimalFormats" classname="ec.edu.espe.finvory.utils.PriceValidationTest" time="0.001"/>
  <testcase name="testPriceConfig_VipHigherThanPremium" classname="ec.edu.espe.finvory.utils.PriceValidationTest" time="0.0"/>
  <testcase name="testPrices_PremiumDiscountGreaterThenVip" classname="ec.edu.espe.finvory.utils.PriceValidationTest" time="0.001"/>
  <testcase name="testPrices_VipDiscountGreaterThenProfit" classname="ec.edu.espe.finvory.utils.PriceValidationTest" time="0.001"/>
  <testcase name="testPrices_ProfitTooHigh" classname="ec.edu.espe.finvory.utils.PriceValidationTest" time="0.001"/>
  <testcase name="testPrices_EmptyInput" classname="ec.edu.espe.finvory.utils.PriceValidationTest" time="0.0"/>
  <testcase name="testPrices_VipEqualsProfit" classname="ec.edu.espe.finvory.utils.PriceValidationTest" time="0.0"/>
  <testcase name="testPrices_ZeroDiscount" classname="ec.edu.espe.finvory.utils.PriceValidationTest" time="0.001"/>
  <testcase name="testPrices_VipOverHundredPercent" classname="ec.edu.espe.finvory.utils.PriceValidationTest" time="0.001"/>
</testsuite>